android/app/build/intermediates/manifest_merge_blame_file/debug/processDebugMainManifest/manifest-merger-blame-debug-report.txt
1<?xml version="1.0" encoding="utf-8"?>
2<manifest xmlns:android="http://schemas.android.com/apk/res/android"
3    package="com.farmland.app"
4    android:versionCode="1"
5    android:versionName="1.0.0" >
6
7    <uses-sdk
8        android:minSdkVersion="24"
9        android:targetSdkVersion="35" />
10
11    <uses-permission android:name="android.permission.SYSTEM_ALERT_WINDOW" />
11-->src\main\AndroidManifest.xml:5:3-75
11-->src\main\AndroidManifest.xml:5:20-73
12    <uses-permission android:name="android.permission.FOREGROUND_SERVICE" />
12-->src\main\AndroidManifest.xml:2:3-74
12-->src\main\AndroidManifest.xml:2:20-72
13    <uses-permission android:name="android.permission.INTERNET" />
13-->src\main\AndroidManifest.xml:3:3-64
13-->src\main\AndroidManifest.xml:3:20-62
14    <uses-permission android:name="android.permission.READ_EXTERNAL_STORAGE" />
14-->src\main\AndroidManifest.xml:4:3-77
14-->src\main\AndroidManifest.xml:4:20-75
15    <uses-permission android:name="android.permission.VIBRATE" />
15-->src\main\AndroidManifest.xml:6:3-63
15-->src\main\AndroidManifest.xml:6:20-61
16    <uses-permission android:name="android.permission.WRITE_EXTERNAL_STORAGE" />
16-->src\main\AndroidManifest.xml:7:3-78
16-->src\main\AndroidManifest.xml:7:20-76
17
18    <queries>
18-->src\main\AndroidManifest.xml:8:3-14:13
19        <intent>
19-->src\main\AndroidManifest.xml:9:5-13:14
20            <action android:name="android.intent.action.VIEW" />
20-->src\main\AndroidManifest.xml:10:7-58
20-->src\main\AndroidManifest.xml:10:15-56
21
22            <category android:name="android.intent.category.BROWSABLE" />
22-->src\main\AndroidManifest.xml:11:7-67
22-->src\main\AndroidManifest.xml:11:17-65
23
24            <data android:scheme="https" />
24-->src\main\AndroidManifest.xml:12:7-37
24-->src\main\AndroidManifest.xml:12:13-35
25        </intent>
26        <intent>
26-->[host.exp.exponent:expo.modules.webbrowser:14.2.0] AndroidManifest.xml:8:9-12:18
27
28            <!-- Required for opening tabs if targeting API 30 -->
29            <action android:name="android.support.customtabs.action.CustomTabsService" />
29-->[host.exp.exponent:expo.modules.webbrowser:14.2.0] AndroidManifest.xml:11:13-90
29-->[host.exp.exponent:expo.modules.webbrowser:14.2.0] AndroidManifest.xml:11:21-87
30        </intent>
31    </queries>
32
33    <uses-permission android:name="android.permission.RECEIVE_BOOT_COMPLETED" />
33-->[host.exp.exponent:expo.modules.notifications:0.31.4] AndroidManifest.xml:7:5-81
33-->[host.exp.exponent:expo.modules.notifications:0.31.4] AndroidManifest.xml:7:22-78
34    <uses-permission android:name="android.permission.POST_NOTIFICATIONS" />
34-->[host.exp.exponent:expo.modules.notifications:0.31.4] AndroidManifest.xml:8:5-77
34-->[host.exp.exponent:expo.modules.notifications:0.31.4] AndroidManifest.xml:8:22-74
35    <uses-permission android:name="android.permission.ACCESS_NETWORK_STATE" />
35-->[com.google.firebase:firebase-messaging:24.0.1] AndroidManifest.xml:22:5-79
35-->[com.google.firebase:firebase-messaging:24.0.1] AndroidManifest.xml:22:22-76
36    <uses-permission android:name="android.permission.WAKE_LOCK" /> <!-- Required by older versions of Google Play services to create IID tokens -->
36-->[com.google.firebase:firebase-messaging:24.0.1] AndroidManifest.xml:24:5-68
36-->[com.google.firebase:firebase-messaging:24.0.1] AndroidManifest.xml:24:22-65
37    <uses-permission android:name="com.google.android.c2dm.permission.RECEIVE" />
37-->[com.google.firebase:firebase-messaging:24.0.1] AndroidManifest.xml:26:5-82
37-->[com.google.firebase:firebase-messaging:24.0.1] AndroidManifest.xml:26:22-79
38
39    <permission
39-->[androidx.core:core:1.13.1] AndroidManifest.xml:22:5-24:47
40        android:name="com.farmland.app.DYNAMIC_RECEIVER_NOT_EXPORTED_PERMISSION"
40-->[androidx.core:core:1.13.1] AndroidManifest.xml:23:9-81
41        android:protectionLevel="signature" />
41-->[androidx.core:core:1.13.1] AndroidManifest.xml:24:9-44
42
43    <uses-permission android:name="com.farmland.app.DYNAMIC_RECEIVER_NOT_EXPORTED_PERMISSION" />
43-->[androidx.core:core:1.13.1] AndroidManifest.xml:26:5-97
43-->[androidx.core:core:1.13.1] AndroidManifest.xml:26:22-94
44    <uses-permission android:name="com.google.android.finsky.permission.BIND_GET_INSTALL_REFERRER_SERVICE" /> <!-- for android -->
44-->[com.android.installreferrer:installreferrer:2.2] AndroidManifest.xml:9:5-110
44-->[com.android.installreferrer:installreferrer:2.2] AndroidManifest.xml:9:22-107
45    <!-- <uses-permission android:name="com.android.launcher.permission.READ_SETTINGS"/> -->
46    <!-- <uses-permission android:name="com.android.launcher.permission.WRITE_SETTINGS"/> -->
47    <!-- <uses-permission android:name="com.android.launcher.permission.INSTALL_SHORTCUT" /> -->
48    <!-- <uses-permission android:name="com.android.launcher.permission.UNINSTALL_SHORTCUT" /> -->
49    <!-- for Samsung -->
50    <uses-permission android:name="com.sec.android.provider.badge.permission.READ" />
50-->[me.leolin:ShortcutBadger:1.1.22] AndroidManifest.xml:19:5-86
50-->[me.leolin:ShortcutBadger:1.1.22] AndroidManifest.xml:19:22-83
51    <uses-permission android:name="com.sec.android.provider.badge.permission.WRITE" /> <!-- for htc -->
51-->[me.leolin:ShortcutBadger:1.1.22] AndroidManifest.xml:20:5-87
51-->[me.leolin:ShortcutBadger:1.1.22] AndroidManifest.xml:20:22-84
52    <uses-permission android:name="com.htc.launcher.permission.READ_SETTINGS" />
52-->[me.leolin:ShortcutBadger:1.1.22] AndroidManifest.xml:23:5-81
52-->[me.leolin:ShortcutBadger:1.1.22] AndroidManifest.xml:23:22-78
53    <uses-permission android:name="com.htc.launcher.permission.UPDATE_SHORTCUT" /> <!-- for sony -->
53-->[me.leolin:ShortcutBadger:1.1.22] AndroidManifest.xml:24:5-83
53-->[me.leolin:ShortcutBadger:1.1.22] AndroidManifest.xml:24:22-80
54    <uses-permission android:name="com.sonyericsson.home.permission.BROADCAST_BADGE" />
54-->[me.leolin:ShortcutBadger:1.1.22] AndroidManifest.xml:27:5-88
54-->[me.leolin:ShortcutBadger:1.1.22] AndroidManifest.xml:27:22-85
55    <uses-permission android:name="com.sonymobile.home.permission.PROVIDER_INSERT_BADGE" /> <!-- for apex -->
55-->[me.leolin:ShortcutBadger:1.1.22] AndroidManifest.xml:28:5-92
55-->[me.leolin:ShortcutBadger:1.1.22] AndroidManifest.xml:28:22-89
56    <uses-permission android:name="com.anddoes.launcher.permission.UPDATE_COUNT" /> <!-- for solid -->
56-->[me.leolin:ShortcutBadger:1.1.22] AndroidManifest.xml:31:5-84
56-->[me.leolin:ShortcutBadger:1.1.22] AndroidManifest.xml:31:22-81
57    <uses-permission android:name="com.majeur.launcher.permission.UPDATE_BADGE" /> <!-- for huawei -->
57-->[me.leolin:ShortcutBadger:1.1.22] AndroidManifest.xml:34:5-83
57-->[me.leolin:ShortcutBadger:1.1.22] AndroidManifest.xml:34:22-80
58    <uses-permission android:name="com.huawei.android.launcher.permission.CHANGE_BADGE" />
58-->[me.leolin:ShortcutBadger:1.1.22] AndroidManifest.xml:37:5-91
58-->[me.leolin:ShortcutBadger:1.1.22] AndroidManifest.xml:37:22-88
59    <uses-permission android:name="com.huawei.android.launcher.permission.READ_SETTINGS" />
59-->[me.leolin:ShortcutBadger:1.1.22] AndroidManifest.xml:38:5-92
59-->[me.leolin:ShortcutBadger:1.1.22] AndroidManifest.xml:38:22-89
60    <uses-permission android:name="com.huawei.android.launcher.permission.WRITE_SETTINGS" /> <!-- for ZUK -->
60-->[me.leolin:ShortcutBadger:1.1.22] AndroidManifest.xml:39:5-93
60-->[me.leolin:ShortcutBadger:1.1.22] AndroidManifest.xml:39:22-90
61    <uses-permission android:name="android.permission.READ_APP_BADGE" /> <!-- for OPPO -->
61-->[me.leolin:ShortcutBadger:1.1.22] AndroidManifest.xml:42:5-73
61-->[me.leolin:ShortcutBadger:1.1.22] AndroidManifest.xml:42:22-70
62    <uses-permission android:name="com.oppo.launcher.permission.READ_SETTINGS" />
62-->[me.leolin:ShortcutBadger:1.1.22] AndroidManifest.xml:45:5-82
62-->[me.leolin:ShortcutBadger:1.1.22] AndroidManifest.xml:45:22-79
63    <uses-permission android:name="com.oppo.launcher.permission.WRITE_SETTINGS" /> <!-- for EvMe -->
63-->[me.leolin:ShortcutBadger:1.1.22] AndroidManifest.xml:46:5-83
63-->[me.leolin:ShortcutBadger:1.1.22] AndroidManifest.xml:46:22-80
64    <uses-permission android:name="me.everything.badger.permission.BADGE_COUNT_READ" />
64-->[me.leolin:ShortcutBadger:1.1.22] AndroidManifest.xml:49:5-88
64-->[me.leolin:ShortcutBadger:1.1.22] AndroidManifest.xml:49:22-85
65    <uses-permission android:name="me.everything.badger.permission.BADGE_COUNT_WRITE" />
65-->[me.leolin:ShortcutBadger:1.1.22] AndroidManifest.xml:50:5-89
65-->[me.leolin:ShortcutBadger:1.1.22] AndroidManifest.xml:50:22-86
66
67    <application
67-->src\main\AndroidManifest.xml:15:3-37:17
68        android:name="com.farmland.app.MainApplication"
68-->src\main\AndroidManifest.xml:15:16-47
69        android:allowBackup="true"
69-->src\main\AndroidManifest.xml:15:162-188
70        android:appComponentFactory="androidx.core.app.CoreComponentFactory"
70-->[androidx.core:core:1.13.1] AndroidManifest.xml:28:18-86
71        android:debuggable="true"
72        android:enableOnBackInvokedCallback="false"
72-->src\main\AndroidManifest.xml:15:248-291
73        android:extractNativeLibs="false"
74        android:icon="@mipmap/ic_launcher"
74-->src\main\AndroidManifest.xml:15:81-115
75        android:label="@string/app_name"
75-->src\main\AndroidManifest.xml:15:48-80
76        android:roundIcon="@mipmap/ic_launcher_round"
76-->src\main\AndroidManifest.xml:15:116-161
77        android:supportsRtl="true"
77-->src\main\AndroidManifest.xml:15:221-247
78        android:theme="@style/AppTheme"
78-->src\main\AndroidManifest.xml:15:189-220
79        android:usesCleartextTraffic="true" >
79-->src\debug\AndroidManifest.xml:6:18-53
80        <meta-data
80-->src\main\AndroidManifest.xml:16:5-83
81            android:name="expo.modules.updates.ENABLED"
81-->src\main\AndroidManifest.xml:16:16-59
82            android:value="false" />
82-->src\main\AndroidManifest.xml:16:60-81
83        <meta-data
83-->src\main\AndroidManifest.xml:17:5-105
84            android:name="expo.modules.updates.EXPO_UPDATES_CHECK_ON_LAUNCH"
84-->src\main\AndroidManifest.xml:17:16-80
85            android:value="ALWAYS" />
85-->src\main\AndroidManifest.xml:17:81-103
86        <meta-data
86-->src\main\AndroidManifest.xml:18:5-99
87            android:name="expo.modules.updates.EXPO_UPDATES_LAUNCH_WAIT_MS"
87-->src\main\AndroidManifest.xml:18:16-79
88            android:value="0" />
88-->src\main\AndroidManifest.xml:18:80-97
89
90        <activity
90-->src\main\AndroidManifest.xml:19:5-36:16
91            android:name="com.farmland.app.MainActivity"
91-->src\main\AndroidManifest.xml:19:15-43
92            android:configChanges="keyboard|keyboardHidden|orientation|screenSize|screenLayout|uiMode"
92-->src\main\AndroidManifest.xml:19:44-134
93            android:exported="true"
93-->src\main\AndroidManifest.xml:19:256-279
94            android:launchMode="singleTask"
94-->src\main\AndroidManifest.xml:19:135-166
95            android:screenOrientation="portrait"
95-->src\main\AndroidManifest.xml:19:280-316
96            android:theme="@style/Theme.App.SplashScreen"
96-->src\main\AndroidManifest.xml:19:210-255
97            android:windowSoftInputMode="adjustResize" >
97-->src\main\AndroidManifest.xml:19:167-209
98            <intent-filter>
98-->src\main\AndroidManifest.xml:20:7-23:23
99                <action android:name="android.intent.action.MAIN" />
99-->src\main\AndroidManifest.xml:21:9-60
99-->src\main\AndroidManifest.xml:21:17-58
100
101                <category android:name="android.intent.category.LAUNCHER" />
101-->src\main\AndroidManifest.xml:22:9-68
101-->src\main\AndroidManifest.xml:22:19-66
102            </intent-filter>
103            <intent-filter>
103-->src\main\AndroidManifest.xml:24:7-29:23
104                <action android:name="android.intent.action.VIEW" />
104-->src\main\AndroidManifest.xml:10:7-58
104-->src\main\AndroidManifest.xml:10:15-56
105
106                <category android:name="android.intent.category.DEFAULT" />
106-->src\main\AndroidManifest.xml:26:9-67
106-->src\main\AndroidManifest.xml:26:19-65
107                <category android:name="android.intent.category.BROWSABLE" />
107-->src\main\AndroidManifest.xml:11:7-67
107-->src\main\AndroidManifest.xml:11:17-65
108
109                <data android:scheme="farmlandapp" />
109-->src\main\AndroidManifest.xml:12:7-37
109-->src\main\AndroidManifest.xml:12:13-35
110            </intent-filter>
111            <intent-filter data-generated="true" >
111-->src\main\AndroidManifest.xml:24:7-29:23
112                <action android:name="android.intent.action.VIEW" />
112-->src\main\AndroidManifest.xml:10:7-58
112-->src\main\AndroidManifest.xml:10:15-56
113
114                <data android:scheme="farmlandapp" />
114-->src\main\AndroidManifest.xml:12:7-37
114-->src\main\AndroidManifest.xml:12:13-35
115
116                <category android:name="android.intent.category.BROWSABLE" />
116-->src\main\AndroidManifest.xml:11:7-67
116-->src\main\AndroidManifest.xml:11:17-65
117                <category android:name="android.intent.category.DEFAULT" />
117-->src\main\AndroidManifest.xml:26:9-67
117-->src\main\AndroidManifest.xml:26:19-65
118            </intent-filter>
119        </activity>
120
121        <meta-data
121-->[:expo-modules-core] AndroidManifest.xml:9:9-11:89
122            android:name="org.unimodules.core.AppLoader#react-native-headless"
122-->[:expo-modules-core] AndroidManifest.xml:10:13-79
123            android:value="expo.modules.adapters.react.apploader.RNHeadlessAppLoader" />
123-->[:expo-modules-core] AndroidManifest.xml:11:13-86
124        <meta-data
124-->[:expo-modules-core] AndroidManifest.xml:12:9-15:45
125            android:name="com.facebook.soloader.enabled"
125-->[:expo-modules-core] AndroidManifest.xml:13:13-57
126            android:value="true" />
126-->[:expo-modules-core] AndroidManifest.xml:14:13-33
127
128        <activity
128-->[com.facebook.react:react-android:0.79.5] AndroidManifest.xml:19:9-21:40
129            android:name="com.facebook.react.devsupport.DevSettingsActivity"
129-->[com.facebook.react:react-android:0.79.5] AndroidManifest.xml:20:13-77
130            android:exported="false" />
130-->[com.facebook.react:react-android:0.79.5] AndroidManifest.xml:21:13-37
131
132        <service
132-->[host.exp.exponent:expo.modules.notifications:0.31.4] AndroidManifest.xml:11:9-17:19
133            android:name="expo.modules.notifications.service.ExpoFirebaseMessagingService"
133-->[host.exp.exponent:expo.modules.notifications:0.31.4] AndroidManifest.xml:12:13-91
134            android:exported="false" >
134-->[host.exp.exponent:expo.modules.notifications:0.31.4] AndroidManifest.xml:13:13-37
135            <intent-filter android:priority="-1" >
135-->[host.exp.exponent:expo.modules.notifications:0.31.4] AndroidManifest.xml:14:13-16:29
135-->[host.exp.exponent:expo.modules.notifications:0.31.4] AndroidManifest.xml:14:28-49
136                <action android:name="com.google.firebase.MESSAGING_EVENT" />
136-->[host.exp.exponent:expo.modules.notifications:0.31.4] AndroidManifest.xml:15:17-78
136-->[host.exp.exponent:expo.modules.notifications:0.31.4] AndroidManifest.xml:15:25-75
137            </intent-filter>
138        </service>
139
140        <receiver
140-->[host.exp.exponent:expo.modules.notifications:0.31.4] AndroidManifest.xml:19:9-31:20
141            android:name="expo.modules.notifications.service.NotificationsService"
141-->[host.exp.exponent:expo.modules.notifications:0.31.4] AndroidManifest.xml:20:13-83
142            android:enabled="true"
142-->[host.exp.exponent:expo.modules.notifications:0.31.4] AndroidManifest.xml:21:13-35
143            android:exported="false" >
143-->[host.exp.exponent:expo.modules.notifications:0.31.4] AndroidManifest.xml:22:13-37
144            <intent-filter android:priority="-1" >
144-->[host.exp.exponent:expo.modules.notifications:0.31.4] AndroidManifest.xml:23:13-30:29
144-->[host.exp.exponent:expo.modules.notifications:0.31.4] AndroidManifest.xml:23:28-49
145                <action android:name="expo.modules.notifications.NOTIFICATION_EVENT" />
145-->[host.exp.exponent:expo.modules.notifications:0.31.4] AndroidManifest.xml:24:17-88
145-->[host.exp.exponent:expo.modules.notifications:0.31.4] AndroidManifest.xml:24:25-85
146                <action android:name="android.intent.action.BOOT_COMPLETED" />
146-->[host.exp.exponent:expo.modules.notifications:0.31.4] AndroidManifest.xml:25:17-79
146-->[host.exp.exponent:expo.modules.notifications:0.31.4] AndroidManifest.xml:25:25-76
147                <action android:name="android.intent.action.REBOOT" />
147-->[host.exp.exponent:expo.modules.notifications:0.31.4] AndroidManifest.xml:26:17-71
147-->[host.exp.exponent:expo.modules.notifications:0.31.4] AndroidManifest.xml:26:25-68
148                <action android:name="android.intent.action.QUICKBOOT_POWERON" />
148-->[host.exp.exponent:expo.modules.notifications:0.31.4] AndroidManifest.xml:27:17-82
148-->[host.exp.exponent:expo.modules.notifications:0.31.4] AndroidManifest.xml:27:25-79
149                <action android:name="com.htc.intent.action.QUICKBOOT_POWERON" />
149-->[host.exp.exponent:expo.modules.notifications:0.31.4] AndroidManifest.xml:28:17-82
149-->[host.exp.exponent:expo.modules.notifications:0.31.4] AndroidManifest.xml:28:25-79
150                <action android:name="android.intent.action.MY_PACKAGE_REPLACED" />
150-->[host.exp.exponent:expo.modules.notifications:0.31.4] AndroidManifest.xml:29:17-84
150-->[host.exp.exponent:expo.modules.notifications:0.31.4] AndroidManifest.xml:29:25-81
151            </intent-filter>
152        </receiver>
153
154        <activity
154-->[host.exp.exponent:expo.modules.notifications:0.31.4] AndroidManifest.xml:33:9-40:75
155            android:name="expo.modules.notifications.service.NotificationForwarderActivity"
155-->[host.exp.exponent:expo.modules.notifications:0.31.4] AndroidManifest.xml:34:13-92
156            android:excludeFromRecents="true"
156-->[host.exp.exponent:expo.modules.notifications:0.31.4] AndroidManifest.xml:35:13-46
157            android:exported="false"
157-->[host.exp.exponent:expo.modules.notifications:0.31.4] AndroidManifest.xml:36:13-37
158            android:launchMode="standard"
158-->[host.exp.exponent:expo.modules.notifications:0.31.4] AndroidManifest.xml:37:13-42
159            android:noHistory="true"
159-->[host.exp.exponent:expo.modules.notifications:0.31.4] AndroidManifest.xml:38:13-37
160            android:taskAffinity=""
160-->[host.exp.exponent:expo.modules.notifications:0.31.4] AndroidManifest.xml:39:13-36
161            android:theme="@android:style/Theme.Translucent.NoTitleBar" />
161-->[host.exp.exponent:expo.modules.notifications:0.31.4] AndroidManifest.xml:40:13-72
162
163        <receiver
163-->[com.google.firebase:firebase-messaging:24.0.1] AndroidManifest.xml:29:9-40:20
164            android:name="com.google.firebase.iid.FirebaseInstanceIdReceiver"
164-->[com.google.firebase:firebase-messaging:24.0.1] AndroidManifest.xml:30:13-78
165            android:exported="true"
165-->[com.google.firebase:firebase-messaging:24.0.1] AndroidManifest.xml:31:13-36
166            android:permission="com.google.android.c2dm.permission.SEND" >
166-->[com.google.firebase:firebase-messaging:24.0.1] AndroidManifest.xml:32:13-73
167            <intent-filter>
167-->[com.google.firebase:firebase-messaging:24.0.1] AndroidManifest.xml:33:13-35:29
168                <action android:name="com.google.android.c2dm.intent.RECEIVE" />
168-->[com.google.firebase:firebase-messaging:24.0.1] AndroidManifest.xml:34:17-81
168-->[com.google.firebase:firebase-messaging:24.0.1] AndroidManifest.xml:34:25-78
169            </intent-filter>
170
171            <meta-data
171-->[com.google.firebase:firebase-messaging:24.0.1] AndroidManifest.xml:37:13-39:40
172                android:name="com.google.android.gms.cloudmessaging.FINISHED_AFTER_HANDLED"
172-->[com.google.firebase:firebase-messaging:24.0.1] AndroidManifest.xml:38:17-92
173                android:value="true" />
173-->[com.google.firebase:firebase-messaging:24.0.1] AndroidManifest.xml:39:17-37
174        </receiver>
175        <!--
176             FirebaseMessagingService performs security checks at runtime,
177             but set to not exported to explicitly avoid allowing another app to call it.
178        -->
179        <service
179-->[com.google.firebase:firebase-messaging:24.0.1] AndroidManifest.xml:46:9-53:19
180            android:name="com.google.firebase.messaging.FirebaseMessagingService"
180-->[com.google.firebase:firebase-messaging:24.0.1] AndroidManifest.xml:47:13-82
181            android:directBootAware="true"
181-->[com.google.firebase:firebase-messaging:24.0.1] AndroidManifest.xml:48:13-43
182            android:exported="false" >
182-->[com.google.firebase:firebase-messaging:24.0.1] AndroidManifest.xml:49:13-37
183            <intent-filter android:priority="-500" >
183-->[host.exp.exponent:expo.modules.notifications:0.31.4] AndroidManifest.xml:14:13-16:29
183-->[host.exp.exponent:expo.modules.notifications:0.31.4] AndroidManifest.xml:14:28-49
184                <action android:name="com.google.firebase.MESSAGING_EVENT" />
184-->[host.exp.exponent:expo.modules.notifications:0.31.4] AndroidManifest.xml:15:17-78
184-->[host.exp.exponent:expo.modules.notifications:0.31.4] AndroidManifest.xml:15:25-75
185            </intent-filter>
186        </service>
187        <service
187-->[com.google.firebase:firebase-messaging:24.0.1] AndroidManifest.xml:54:9-63:19
188            android:name="com.google.firebase.components.ComponentDiscoveryService"
188-->[com.google.firebase:firebase-messaging:24.0.1] AndroidManifest.xml:55:13-84
189            android:directBootAware="true"
189-->[com.google.firebase:firebase-common:21.0.0] AndroidManifest.xml:32:13-43
190            android:exported="false" >
190-->[com.google.firebase:firebase-messaging:24.0.1] AndroidManifest.xml:56:13-37
191            <meta-data
191-->[com.google.firebase:firebase-messaging:24.0.1] AndroidManifest.xml:57:13-59:85
192                android:name="com.google.firebase.components:com.google.firebase.messaging.FirebaseMessagingKtxRegistrar"
192-->[com.google.firebase:firebase-messaging:24.0.1] AndroidManifest.xml:58:17-122
193                android:value="com.google.firebase.components.ComponentRegistrar" />
193-->[com.google.firebase:firebase-messaging:24.0.1] AndroidManifest.xml:59:17-82
194            <meta-data
194-->[com.google.firebase:firebase-messaging:24.0.1] AndroidManifest.xml:60:13-62:85
195                android:name="com.google.firebase.components:com.google.firebase.messaging.FirebaseMessagingRegistrar"
195-->[com.google.firebase:firebase-messaging:24.0.1] AndroidManifest.xml:61:17-119
196                android:value="com.google.firebase.components.ComponentRegistrar" />
196-->[com.google.firebase:firebase-messaging:24.0.1] AndroidManifest.xml:62:17-82
197            <meta-data
197-->[com.google.firebase:firebase-installations:17.2.0] AndroidManifest.xml:15:13-17:85
198                android:name="com.google.firebase.components:com.google.firebase.installations.FirebaseInstallationsKtxRegistrar"
198-->[com.google.firebase:firebase-installations:17.2.0] AndroidManifest.xml:16:17-130
199                android:value="com.google.firebase.components.ComponentRegistrar" />
199-->[com.google.firebase:firebase-installations:17.2.0] AndroidManifest.xml:17:17-82
200            <meta-data
200-->[com.google.firebase:firebase-installations:17.2.0] AndroidManifest.xml:18:13-20:85
201                android:name="com.google.firebase.components:com.google.firebase.installations.FirebaseInstallationsRegistrar"
201-->[com.google.firebase:firebase-installations:17.2.0] AndroidManifest.xml:19:17-127
202                android:value="com.google.firebase.components.ComponentRegistrar" />
202-->[com.google.firebase:firebase-installations:17.2.0] AndroidManifest.xml:20:17-82
203            <meta-data
203-->[com.google.firebase:firebase-common-ktx:21.0.0] AndroidManifest.xml:12:13-14:85
204                android:name="com.google.firebase.components:com.google.firebase.ktx.FirebaseCommonLegacyRegistrar"
204-->[com.google.firebase:firebase-common-ktx:21.0.0] AndroidManifest.xml:13:17-116
205                android:value="com.google.firebase.components.ComponentRegistrar" />
205-->[com.google.firebase:firebase-common-ktx:21.0.0] AndroidManifest.xml:14:17-82
206            <meta-data
206-->[com.google.firebase:firebase-common:21.0.0] AndroidManifest.xml:35:13-37:85
207                android:name="com.google.firebase.components:com.google.firebase.FirebaseCommonKtxRegistrar"
207-->[com.google.firebase:firebase-common:21.0.0] AndroidManifest.xml:36:17-109
208                android:value="com.google.firebase.components.ComponentRegistrar" />
208-->[com.google.firebase:firebase-common:21.0.0] AndroidManifest.xml:37:17-82
209            <meta-data
209-->[com.google.firebase:firebase-datatransport:18.2.0] AndroidManifest.xml:25:13-27:85
210                android:name="com.google.firebase.components:com.google.firebase.datatransport.TransportRegistrar"
210-->[com.google.firebase:firebase-datatransport:18.2.0] AndroidManifest.xml:26:17-115
211                android:value="com.google.firebase.components.ComponentRegistrar" />
211-->[com.google.firebase:firebase-datatransport:18.2.0] AndroidManifest.xml:27:17-82
212        </service>
213
214        <activity
214-->[com.google.android.gms:play-services-base:18.0.1] AndroidManifest.xml:20:9-22:45
215            android:name="com.google.android.gms.common.api.GoogleApiActivity"
215-->[com.google.android.gms:play-services-base:18.0.1] AndroidManifest.xml:20:19-85
216            android:exported="false"
216-->[com.google.android.gms:play-services-base:18.0.1] AndroidManifest.xml:22:19-43
217            android:theme="@android:style/Theme.Translucent.NoTitleBar" />
217-->[com.google.android.gms:play-services-base:18.0.1] AndroidManifest.xml:21:19-78
218
219        <provider
219-->[com.google.firebase:firebase-common:21.0.0] AndroidManifest.xml:23:9-28:39
220            android:name="com.google.firebase.provider.FirebaseInitProvider"
220-->[com.google.firebase:firebase-common:21.0.0] AndroidManifest.xml:24:13-77
221            android:authorities="com.farmland.app.firebaseinitprovider"
221-->[com.google.firebase:firebase-common:21.0.0] AndroidManifest.xml:25:13-72
222            android:directBootAware="true"
222-->[com.google.firebase:firebase-common:21.0.0] AndroidManifest.xml:26:13-43
223            android:exported="false"
223-->[com.google.firebase:firebase-common:21.0.0] AndroidManifest.xml:27:13-37
224            android:initOrder="100" />
224-->[com.google.firebase:firebase-common:21.0.0] AndroidManifest.xml:28:13-36
225        <provider
225-->[androidx.emoji2:emoji2:1.3.0] AndroidManifest.xml:24:9-32:20
226            android:name="androidx.startup.InitializationProvider"
226-->[androidx.emoji2:emoji2:1.3.0] AndroidManifest.xml:25:13-67
227            android:authorities="com.farmland.app.androidx-startup"
227-->[androidx.emoji2:emoji2:1.3.0] AndroidManifest.xml:26:13-68
228            android:exported="false" >
228-->[androidx.emoji2:emoji2:1.3.0] AndroidManifest.xml:27:13-37
229            <meta-data
229-->[androidx.emoji2:emoji2:1.3.0] AndroidManifest.xml:29:13-31:52
230                android:name="androidx.emoji2.text.EmojiCompatInitializer"
230-->[androidx.emoji2:emoji2:1.3.0] AndroidManifest.xml:30:17-75
231                android:value="androidx.startup" />
231-->[androidx.emoji2:emoji2:1.3.0] AndroidManifest.xml:31:17-49
232            <meta-data
232-->[androidx.lifecycle:lifecycle-process:2.6.2] AndroidManifest.xml:29:13-31:52
233                android:name="androidx.lifecycle.ProcessLifecycleInitializer"
233-->[androidx.lifecycle:lifecycle-process:2.6.2] AndroidManifest.xml:30:17-78
234                android:value="androidx.startup" />
234-->[androidx.lifecycle:lifecycle-process:2.6.2] AndroidManifest.xml:31:17-49
235            <meta-data
235-->[androidx.profileinstaller:profileinstaller:1.3.1] AndroidManifest.xml:29:13-31:52
236                android:name="androidx.profileinstaller.ProfileInstallerInitializer"
236-->[androidx.profileinstaller:profileinstaller:1.3.1] AndroidManifest.xml:30:17-85
237                android:value="androidx.startup" />
237-->[androidx.profileinstaller:profileinstaller:1.3.1] AndroidManifest.xml:31:17-49
238        </provider>
239
240        <meta-data
240-->[com.google.android.gms:play-services-basement:18.3.0] AndroidManifest.xml:21:9-23:69
241            android:name="com.google.android.gms.version"
241-->[com.google.android.gms:play-services-basement:18.3.0] AndroidManifest.xml:22:13-58
242            android:value="@integer/google_play_services_version" />
242-->[com.google.android.gms:play-services-basement:18.3.0] AndroidManifest.xml:23:13-66
243
244        <receiver
244-->[androidx.profileinstaller:profileinstaller:1.3.1] AndroidManifest.xml:34:9-52:20
245            android:name="androidx.profileinstaller.ProfileInstallReceiver"
245-->[androidx.profileinstaller:profileinstaller:1.3.1] AndroidManifest.xml:35:13-76
246            android:directBootAware="false"
246-->[androidx.profileinstaller:profileinstaller:1.3.1] AndroidManifest.xml:36:13-44
247            android:enabled="true"
247-->[androidx.profileinstaller:profileinstaller:1.3.1] AndroidManifest.xml:37:13-35
248            android:exported="true"
248-->[androidx.profileinstaller:profileinstaller:1.3.1] AndroidManifest.xml:38:13-36
249            android:permission="android.permission.DUMP" >
249-->[androidx.profileinstaller:profileinstaller:1.3.1] AndroidManifest.xml:39:13-57
250            <intent-filter>
250-->[androidx.profileinstaller:profileinstaller:1.3.1] AndroidManifest.xml:40:13-42:29